# JRE version: Java(TM) SE Runtime Environment (8.0_121-b13) (build 1.8.0_121-b13)
# Java VM: Java HotSpot(TM) 64-Bit Server VM (25.121-b13 mixed mode windows-amd64 compressed oops)
Heap:
 PSYoungGen      total 18432K, used 1270K [0x00000000eb580000, 0x00000000eca00000, 0x0000000100000000)
  eden space 15872K, 8% used [0x00000000eb580000,0x00000000eb6bd820,0x00000000ec500000)
  from space 2560K, 0% used [0x00000000ec500000,0x00000000ec500000,0x00000000ec780000)
  to   space 2560K, 0% used [0x00000000ec780000,0x00000000ec780000,0x00000000eca00000)
 ParOldGen       total 31744K, used 2082K [0x00000000c2000000, 0x00000000c3f00000, 0x00000000eb580000)
  object space 31744K, 6% used [0x00000000c2000000,0x00000000c2208928,0x00000000c3f00000)
 Metaspace       used 8855K, capacity 9004K, committed 9088K, reserved 1060864K
  class space    used 1063K, capacity 1124K, committed 1152K, reserved 1048576K
GC Heap History (4 events):
Event: 1.545 GC heap before
{Heap before GC invocations=1 (full 0):
 PSYoungGen      total 18432K, used 5309K [0x00000000eb580000, 0x00000000eca00000, 0x0000000100000000)
  eden space 15872K, 33% used [0x00000000eb580000,0x00000000ebaaf498,0x00000000ec500000)
  from space 2560K, 0% used [0x00000000ec780000,0x00000000ec780000,0x00000000eca00000)
  to   space 2560K, 0% used [0x00000000ec500000,0x00000000ec500000,0x00000000ec780000)
 ParOldGen       total 42496K, used 0K [0x00000000c2000000, 0x00000000c4980000, 0x00000000eb580000)
  object space 42496K, 0% used [0x00000000c2000000,0x00000000c2000000,0x00000000c4980000)
 Metaspace       used 8312K, capacity 8424K, committed 8576K, reserved 1062912K
  class space    used 993K, capacity 1060K, committed 1152K, reserved 1048576K
Event: 1.552 GC heap after
Heap after GC invocations=1 (full 0):
 PSYoungGen      total 18432K, used 2172K [0x00000000eb580000, 0x00000000eca00000, 0x0000000100000000)
  eden space 15872K, 0% used [0x00000000eb580000,0x00000000eb580000,0x00000000ec500000)
  from space 2560K, 84% used [0x00000000ec500000,0x00000000ec71f368,0x00000000ec780000)
  to   space 2560K, 0% used [0x00000000ec780000,0x00000000ec780000,0x00000000eca00000)
 ParOldGen       total 42496K, used 8K [0x00000000c2000000, 0x00000000c4980000, 0x00000000eb580000)
  object space 42496K, 0% used [0x00000000c2000000,0x00000000c2002000,0x00000000c4980000)
 Metaspace       used 8312K, capacity 8424K, committed 8576K, reserved 1062912K
  class space    used 993K, capacity 1060K, committed 1152K, reserved 1048576K
}
Event: 1.553 GC heap before
{Heap before GC invocations=2 (full 1):
 PSYoungGen      total 18432K, used 2172K [0x00000000eb580000, 0x00000000eca00000, 0x0000000100000000)
  eden space 15872K, 0% used [0x00000000eb580000,0x00000000eb580000,0x00000000ec500000)
  from space 2560K, 84% used [0x00000000ec500000,0x00000000ec71f368,0x00000000ec780000)
  to   space 2560K, 0% used [0x00000000ec780000,0x00000000ec780000,0x00000000eca00000)
 ParOldGen       total 42496K, used 8K [0x00000000c2000000, 0x00000000c4980000, 0x00000000eb580000)
  object space 42496K, 0% used [0x00000000c2000000,0x00000000c2002000,0x00000000c4980000)
 Metaspace       used 8312K, capacity 8424K, committed 8576K, reserved 1062912K
  class space    used 993K, capacity 1060K, committed 1152K, reserved 1048576K
Event: 1.582 GC heap after
Heap after GC invocations=2 (full 1):
 PSYoungGen      total 18432K, used 0K [0x00000000eb580000, 0x00000000eca00000, 0x0000000100000000)
  eden space 15872K, 0% used [0x00000000eb580000,0x00000000eb580000,0x00000000ec500000)
  from space 2560K, 0% used [0x00000000ec500000,0x00000000ec500000,0x00000000ec780000)
  to   space 2560K, 0% used [0x00000000ec780000,0x00000000ec780000,0x00000000eca00000)
 ParOldGen       total 31744K, used 2082K [0x00000000c2000000, 0x00000000c3f00000, 0x00000000eb580000)
  object space 31744K, 6% used [0x00000000c2000000,0x00000000c2208928,0x00000000c3f00000)
 Metaspace       used 8312K, capacity 8424K, committed 8576K, reserved 1060864K
  class space    used 993K, capacity 1060K, committed 1152K, reserved 1048576K
}

